<?xml version="1.0" encoding="UTF-8"?>
<testng-results skipped="0" failed="2" total="3" passed="1">
  <reporter-output>
    <line>
      <![CDATA[---------------------------]]>
    </line>
    <line>
      <![CDATA[java.runtime.name => Java(TM) SE Runtime Environment]]>
    </line>
    <line>
      <![CDATA[sun.boot.library.path => C:\Java\jdk1.7.0_40\jre\bin]]>
    </line>
    <line>
      <![CDATA[java.vm.version => 24.0-b56]]>
    </line>
    <line>
      <![CDATA[java.vm.vendor => Oracle Corporation]]>
    </line>
    <line>
      <![CDATA[java.vendor.url => http://java.oracle.com/]]>
    </line>
    <line>
      <![CDATA[path.separator => ;]]>
    </line>
    <line>
      <![CDATA[java.vm.name => Java HotSpot(TM) 64-Bit Server VM]]>
    </line>
    <line>
      <![CDATA[file.encoding.pkg => sun.io]]>
    </line>
    <line>
      <![CDATA[user.script => ]]>
    </line>
    <line>
      <![CDATA[user.country => US]]>
    </line>
    <line>
      <![CDATA[sun.java.launcher => SUN_STANDARD]]>
    </line>
    <line>
      <![CDATA[sun.os.patch.level => Service Pack 1]]>
    </line>
    <line>
      <![CDATA[java.vm.specification.name => Java Virtual Machine Specification]]>
    </line>
    <line>
      <![CDATA[user.dir => C:\Eclipse64\workspace\testngSystemVars]]>
    </line>
    <line>
      <![CDATA[java.runtime.version => 1.7.0_40-b43]]>
    </line>
    <line>
      <![CDATA[java.awt.graphicsenv => sun.awt.Win32GraphicsEnvironment]]>
    </line>
    <line>
      <![CDATA[basedir => C:\Eclipse64\workspace\testngSystemVars]]>
    </line>
    <line>
      <![CDATA[java.endorsed.dirs => C:\Java\jdk1.7.0_40\jre\lib\endorsed]]>
    </line>
    <line>
      <![CDATA[os.arch => amd64]]>
    </line>
    <line>
      <![CDATA[surefire.real.class.path => C:\Eclipse64\workspace\testngSystemVars\target\surefire\surefirebooter2346225429239745682.jar]]>
    </line>
    <line>
      <![CDATA[java.io.tmpdir => C:\Users\r626095\AppData\Local\Temp\]]>
    </line>
    <line>
      <![CDATA[line.separator => 
]]>
    </line>
    <line>
      <![CDATA[java.vm.specification.vendor => Oracle Corporation]]>
    </line>
    <line>
      <![CDATA[user.variant => ]]>
    </line>
    <line>
      <![CDATA[os.name => Windows 7]]>
    </line>
    <line>
      <![CDATA[sun.jnu.encoding => Cp1252]]>
    </line>
    <line>
      <![CDATA[java.library.path => C:\Java\jdk1.7.0_40\jre\bin;C:\Windows\Sun\Java\bin;C:\Windows\system32;C:\Windows;C:/Java/jdk1.7.0_40/bin/../jre/bin/server;C:/Java/jdk1.7.0_40/bin/../jre/bin;C:/Java/jdk1.7.0_40/bin/../jre/lib/amd64;C:\Java\jdk1.7.0_40\bin;C:\Program Files (x86)\Intel\iCLS Client\;C:\Program Files\Intel\iCLS Client\;C:\Windows\system32;C:\Windows;C:\Windows\System32\Wbem;C:\Windows\System32\WindowsPowerShell\v1.0\;C:\OBASE\ora10\bin;C:\OBASE\ora10\jre\1.4.2\bin\client;C:\OBASE\ora10\jre\1.4.2\bin;C:\OBASE\11gR2\bin;C:\Program Files (x86)\Verint\Playback\;C:\Program Files\Intel\Intel(R) Management Engine Components\DAL;C:\Program Files\Intel\Intel(R) Management Engine Components\IPT;C:\Program Files (x86)\Intel\Intel(R) Management Engine Components\DAL;C:\Program Files (x86)\Intel\Intel(R) Management Engine Components\IPT;C:\Program Files (x86)\Git\cmd;C:\Program Files (x86)\Git\bin;C:\Program Files (x86)\PuTTY;C:\Java\apache-maven-3.1.0\bin;C:\Java\groovy-2.2.0\bin;C:\Java\gradle-1.9\bin;C:\Windows\System32\WindowsPowerShell\v1.0\;C:\Program Files\TortoiseGit\bin;C:\Program Files (x86)\Intel\OpenCL SDK\2.0\bin\x86;C:\Program Files (x86)\Intel\OpenCL SDK\2.0\bin\x64;C:\Program Files\Intel\WiFi\bin\;C:\Program Files\Common Files\Intel\WirelessCommon\;C:\Program Files\cURL\bin;C:\Eclipse64;;.]]>
    </line>
    <line>
      <![CDATA[surefire.test.class.path => C:\Eclipse64\workspace\testngSystemVars\target\test-classes;C:\Eclipse64\workspace\testngSystemVars\target\classes;C:\Users\r626095\.m2\customrepolocation\org\testng\testng\6.8.7\testng-6.8.7.jar;C:\Users\r626095\.m2\customrepolocation\junit\junit\4.10\junit-4.10.jar;C:\Users\r626095\.m2\customrepolocation\org\hamcrest\hamcrest-core\1.1\hamcrest-core-1.1.jar;C:\Users\r626095\.m2\customrepolocation\org\beanshell\bsh\2.0b4\bsh-2.0b4.jar;C:\Users\r626095\.m2\customrepolocation\com\beust\jcommander\1.27\jcommander-1.27.jar;C:\Users\r626095\.m2\customrepolocation\org\yaml\snakeyaml\1.12\snakeyaml-1.12.jar;C:\Users\r626095\.m2\customrepolocation\org\seleniumhq\selenium\selenium-java\2.37.0\selenium-java-2.37.0.jar;C:\Users\r626095\.m2\customrepolocation\org\seleniumhq\selenium\selenium-android-driver\2.37.0\selenium-android-driver-2.37.0.jar;C:\Users\r626095\.m2\customrepolocation\org\seleniumhq\selenium\selenium-remote-driver\2.37.0\selenium-remote-driver-2.37.0.jar;C:\Users\r626095\.m2\customrepolocation\cglib\cglib-nodep\2.1_3\cglib-nodep-2.1_3.jar;C:\Users\r626095\.m2\customrepolocation\org\json\json\20080701\json-20080701.jar;C:\Users\r626095\.m2\customrepolocation\com\google\guava\guava\15.0\guava-15.0.jar;C:\Users\r626095\.m2\customrepolocation\org\seleniumhq\selenium\selenium-chrome-driver\2.37.0\selenium-chrome-driver-2.37.0.jar;C:\Users\r626095\.m2\customrepolocation\org\seleniumhq\selenium\selenium-htmlunit-driver\2.37.0\selenium-htmlunit-driver-2.37.0.jar;C:\Users\r626095\.m2\customrepolocation\net\sourceforge\htmlunit\htmlunit\2.13\htmlunit-2.13.jar;C:\Users\r626095\.m2\customrepolocation\xalan\xalan\2.7.1\xalan-2.7.1.jar;C:\Users\r626095\.m2\customrepolocation\xalan\serializer\2.7.1\serializer-2.7.1.jar;C:\Users\r626095\.m2\customrepolocation\commons-collections\commons-collections\3.2.1\commons-collections-3.2.1.jar;C:\Users\r626095\.m2\customrepolocation\org\apache\commons\commons-lang3\3.1\commons-lang3-3.1.jar;C:\Users\r626095\.m2\customrepolocation\org\apache\httpcomponents\httpmime\4.3.1\httpmime-4.3.1.jar;C:\Users\r626095\.m2\customrepolocation\commons-codec\commons-codec\1.8\commons-codec-1.8.jar;C:\Users\r626095\.m2\customrepolocation\net\sourceforge\htmlunit\htmlunit-core-js\2.13\htmlunit-core-js-2.13.jar;C:\Users\r626095\.m2\customrepolocation\xerces\xercesImpl\2.11.0\xercesImpl-2.11.0.jar;C:\Users\r626095\.m2\customrepolocation\net\sourceforge\nekohtml\nekohtml\1.9.19\nekohtml-1.9.19.jar;C:\Users\r626095\.m2\customrepolocation\net\sourceforge\cssparser\cssparser\0.9.11\cssparser-0.9.11.jar;C:\Users\r626095\.m2\customrepolocation\org\w3c\css\sac\1.3\sac-1.3.jar;C:\Users\r626095\.m2\customrepolocation\org\eclipse\jetty\jetty-websocket\8.1.12.v20130726\jetty-websocket-8.1.12.v20130726.jar;C:\Users\r626095\.m2\customrepolocation\org\eclipse\jetty\jetty-util\8.1.12.v20130726\jetty-util-8.1.12.v20130726.jar;C:\Users\r626095\.m2\customrepolocation\org\eclipse\jetty\jetty-io\8.1.12.v20130726\jetty-io-8.1.12.v20130726.jar;C:\Users\r626095\.m2\customrepolocation\org\eclipse\jetty\jetty-http\8.1.12.v20130726\jetty-http-8.1.12.v20130726.jar;C:\Users\r626095\.m2\customrepolocation\org\apache\httpcomponents\httpclient\4.3\httpclient-4.3.jar;C:\Users\r626095\.m2\customrepolocation\org\apache\httpcomponents\httpcore\4.3\httpcore-4.3.jar;C:\Users\r626095\.m2\customrepolocation\org\seleniumhq\selenium\selenium-firefox-driver\2.37.0\selenium-firefox-driver-2.37.0.jar;C:\Users\r626095\.m2\customrepolocation\commons-io\commons-io\2.2\commons-io-2.2.jar;C:\Users\r626095\.m2\customrepolocation\org\apache\commons\commons-exec\1.1\commons-exec-1.1.jar;C:\Users\r626095\.m2\customrepolocation\org\seleniumhq\selenium\selenium-ie-driver\2.37.0\selenium-ie-driver-2.37.0.jar;C:\Users\r626095\.m2\customrepolocation\net\java\dev\jna\jna\3.4.0\jna-3.4.0.jar;C:\Users\r626095\.m2\customrepolocation\net\java\dev\jna\platform\3.4.0\platform-3.4.0.jar;C:\Users\r626095\.m2\customrepolocation\org\seleniumhq\selenium\selenium-iphone-driver\2.37.0\selenium-iphone-driver-2.37.0.jar;C:\Users\r626095\.m2\customrepolocation\org\seleniumhq\selenium\selenium-safari-driver\2.37.0\selenium-safari-driver-2.37.0.jar;C:\Users\r626095\.m2\customrepolocation\org\seleniumhq\selenium\selenium-support\2.37.0\selenium-support-2.37.0.jar;C:\Users\r626095\.m2\customrepolocation\org\seleniumhq\selenium\selenium-api\2.37.0\selenium-api-2.37.0.jar;C:\Users\r626095\.m2\customrepolocation\org\webbitserver\webbit\0.4.14\webbit-0.4.14.jar;C:\Users\r626095\.m2\customrepolocation\io\netty\netty\3.5.2.Final\netty-3.5.2.Final.jar;C:\Users\r626095\.m2\customrepolocation\com\healthsparq\engine\test\test-selenium-common\1.0.0-SNAPSHOT\test-selenium-common-1.0.0-SNAPSHOT-tests.jar;C:\Users\r626095\.m2\customrepolocation\com\googlecode\json-simple\json-simple\1.1.1\json-simple-1.1.1.jar;C:\Users\r626095\.m2\customrepolocation\com\googlecode\jarjar\jarjar\1.1\jarjar-1.1.jar;C:\Users\r626095\.m2\customrepolocation\org\slf4j\slf4j-simple\1.7.6\slf4j-simple-1.7.6.jar;C:\Users\r626095\.m2\customrepolocation\org\slf4j\slf4j-api\1.7.6\slf4j-api-1.7.6.jar;C:\Users\r626095\.m2\customrepolocation\org\apache\metamodel\MetaModel-full\4.0.0-incubating\MetaModel-full-4.0.0-incubating.jar;C:\Users\r626095\.m2\customrepolocation\org\apache\metamodel\MetaModel-core\4.0.0-incubating\MetaModel-core-4.0.0-incubating.jar;C:\Users\r626095\.m2\customrepolocation\org\apache\metamodel\MetaModel-pojo\4.0.0-incubating\MetaModel-pojo-4.0.0-incubating.jar;C:\Users\r626095\.m2\customrepolocation\org\apache\metamodel\MetaModel-csv\4.0.0-incubating\MetaModel-csv-4.0.0-incubating.jar;C:\Users\r626095\.m2\customrepolocation\net\sf\opencsv\opencsv\2.1\opencsv-2.1.jar;C:\Users\r626095\.m2\customrepolocation\org\apache\metamodel\MetaModel-fixedwidth\4.0.0-incubating\MetaModel-fixedwidth-4.0.0-incubating.jar;C:\Users\r626095\.m2\customrepolocation\org\apache\metamodel\MetaModel-mongodb\4.0.0-incubating\MetaModel-mongodb-4.0.0-incubating.jar;C:\Users\r626095\.m2\customrepolocation\org\mongodb\mongo-java-driver\2.9.1\mongo-java-driver-2.9.1.jar;C:\Users\r626095\.m2\customrepolocation\org\apache\metamodel\MetaModel-salesforce\4.0.0-incubating\MetaModel-salesforce-4.0.0-incubating.jar;C:\Users\r626095\.m2\customrepolocation\com\force\api\force-partner-api\24.0.0\force-partner-api-24.0.0.jar;C:\Users\r626095\.m2\customrepolocation\com\force\api\force-wsc\24.0.0\force-wsc-24.0.0.jar;C:\Users\r626095\.m2\customrepolocation\org\apache\metamodel\MetaModel-sugarcrm\4.0.0-incubating\MetaModel-sugarcrm-4.0.0-incubating.jar;C:\Users\r626095\.m2\customrepolocation\org\apache\metamodel\MetaModel-excel\4.0.0-incubating\MetaModel-excel-4.0.0-incubating.jar;C:\Users\r626095\.m2\customrepolocation\org\apache\poi\poi-ooxml\3.9\poi-ooxml-3.9.jar;C:\Users\r626095\.m2\customrepolocation\org\apache\poi\poi-ooxml-schemas\3.9\poi-ooxml-schemas-3.9.jar;C:\Users\r626095\.m2\customrepolocation\org\apache\xmlbeans\xmlbeans\2.3.0\xmlbeans-2.3.0.jar;C:\Users\r626095\.m2\customrepolocation\stax\stax-api\1.0.1\stax-api-1.0.1.jar;C:\Users\r626095\.m2\customrepolocation\dom4j\dom4j\1.6.1\dom4j-1.6.1.jar;C:\Users\r626095\.m2\customrepolocation\xml-apis\xml-apis\1.3.04\xml-apis-1.3.04.jar;C:\Users\r626095\.m2\customrepolocation\org\apache\metamodel\MetaModel-jdbc\4.0.0-incubating\MetaModel-jdbc-4.0.0-incubating.jar;C:\Users\r626095\.m2\customrepolocation\commons-pool\commons-pool\1.6\commons-pool-1.6.jar;C:\Users\r626095\.m2\customrepolocation\org\apache\metamodel\MetaModel-couchdb\4.0.0-incubating\MetaModel-couchdb-4.0.0-incubating.jar;C:\Users\r626095\.m2\customrepolocation\org\ektorp\org.ektorp\1.3.0\org.ektorp-1.3.0.jar;C:\Users\r626095\.m2\customrepolocation\org\apache\httpcomponents\httpclient-cache\4.1.2\httpclient-cache-4.1.2.jar;C:\Users\r626095\.m2\customrepolocation\org\codehaus\jackson\jackson-core-asl\1.9.12\jackson-core-asl-1.9.12.jar;C:\Users\r626095\.m2\customrepolocation\org\codehaus\jackson\jackson-mapper-asl\1.9.12\jackson-mapper-asl-1.9.12.jar;C:\Users\r626095\.m2\customrepolocation\org\slf4j\jcl-over-slf4j\1.7.4\jcl-over-slf4j-1.7.4.jar;C:\Users\r626095\.m2\customrepolocation\org\apache\metamodel\MetaModel-openoffice\4.0.0-incubating\MetaModel-openoffice-4.0.0-incubating.jar;C:\Users\r626095\.m2\customrepolocation\hsqldb\hsqldb\1.8.0.10\hsqldb-1.8.0.10.jar;C:\Users\r626095\.m2\customrepolocation\org\apache\metamodel\MetaModel-xml\4.0.0-incubating\MetaModel-xml-4.0.0-incubating.jar;C:\Users\r626095\.m2\customrepolocation\commons-lang\commons-lang\2.3\commons-lang-2.3.jar;C:\Users\r626095\.m2\customrepolocation\net\sourceforge\jexcelapi\jxl\2.6.12\jxl-2.6.12.jar;C:\Users\r626095\.m2\customrepolocation\log4j\log4j\1.2.14\log4j-1.2.14.jar;C:\Users\r626095\.m2\customrepolocation\org\apache\poi\poi\3.5-FINAL\poi-3.5-FINAL.jar;C:\Users\r626095\.m2\customrepolocation\commons-logging\commons-logging\1.1\commons-logging-1.1.jar;C:\Users\r626095\.m2\customrepolocation\logkit\logkit\1.0.1\logkit-1.0.1.jar;C:\Users\r626095\.m2\customrepolocation\avalon-framework\avalon-framework\4.1.3\avalon-framework-4.1.3.jar;C:\Users\r626095\.m2\customrepolocation\javax\servlet\servlet-api\2.3\servlet-api-2.3.jar;C:\Users\r626095\.m2\customrepolocation\org\apache\maven\surefire\surefire-testng-utils\2.16\surefire-testng-utils-2.16.jar;C:\Users\r626095\.m2\customrepolocation\org\apache\maven\surefire\surefire-grouper\2.16\surefire-grouper-2.16.jar;]]>
    </line>
    <line>
      <![CDATA[java.specification.name => Java Platform API Specification]]>
    </line>
    <line>
      <![CDATA[java.class.version => 51.0]]>
    </line>
    <line>
      <![CDATA[sun.management.compiler => HotSpot 64-Bit Tiered Compilers]]>
    </line>
    <line>
      <![CDATA[os.version => 6.1]]>
    </line>
    <line>
      <![CDATA[user.home => C:\Users\r626095]]>
    </line>
    <line>
      <![CDATA[user.timezone => ]]>
    </line>
    <line>
      <![CDATA[java.awt.printerjob => sun.awt.windows.WPrinterJob]]>
    </line>
    <line>
      <![CDATA[java.specification.version => 1.7]]>
    </line>
    <line>
      <![CDATA[file.encoding => Cp1252]]>
    </line>
    <line>
      <![CDATA[user.name => r626095]]>
    </line>
    <line>
      <![CDATA[java.class.path => C:\Eclipse64\workspace\testngSystemVars\target\test-classes;C:\Eclipse64\workspace\testngSystemVars\target\classes;C:\Users\r626095\.m2\customrepolocation\org\testng\testng\6.8.7\testng-6.8.7.jar;C:\Users\r626095\.m2\customrepolocation\junit\junit\4.10\junit-4.10.jar;C:\Users\r626095\.m2\customrepolocation\org\hamcrest\hamcrest-core\1.1\hamcrest-core-1.1.jar;C:\Users\r626095\.m2\customrepolocation\org\beanshell\bsh\2.0b4\bsh-2.0b4.jar;C:\Users\r626095\.m2\customrepolocation\com\beust\jcommander\1.27\jcommander-1.27.jar;C:\Users\r626095\.m2\customrepolocation\org\yaml\snakeyaml\1.12\snakeyaml-1.12.jar;C:\Users\r626095\.m2\customrepolocation\org\seleniumhq\selenium\selenium-java\2.37.0\selenium-java-2.37.0.jar;C:\Users\r626095\.m2\customrepolocation\org\seleniumhq\selenium\selenium-android-driver\2.37.0\selenium-android-driver-2.37.0.jar;C:\Users\r626095\.m2\customrepolocation\org\seleniumhq\selenium\selenium-remote-driver\2.37.0\selenium-remote-driver-2.37.0.jar;C:\Users\r626095\.m2\customrepolocation\cglib\cglib-nodep\2.1_3\cglib-nodep-2.1_3.jar;C:\Users\r626095\.m2\customrepolocation\org\json\json\20080701\json-20080701.jar;C:\Users\r626095\.m2\customrepolocation\com\google\guava\guava\15.0\guava-15.0.jar;C:\Users\r626095\.m2\customrepolocation\org\seleniumhq\selenium\selenium-chrome-driver\2.37.0\selenium-chrome-driver-2.37.0.jar;C:\Users\r626095\.m2\customrepolocation\org\seleniumhq\selenium\selenium-htmlunit-driver\2.37.0\selenium-htmlunit-driver-2.37.0.jar;C:\Users\r626095\.m2\customrepolocation\net\sourceforge\htmlunit\htmlunit\2.13\htmlunit-2.13.jar;C:\Users\r626095\.m2\customrepolocation\xalan\xalan\2.7.1\xalan-2.7.1.jar;C:\Users\r626095\.m2\customrepolocation\xalan\serializer\2.7.1\serializer-2.7.1.jar;C:\Users\r626095\.m2\customrepolocation\commons-collections\commons-collections\3.2.1\commons-collections-3.2.1.jar;C:\Users\r626095\.m2\customrepolocation\org\apache\commons\commons-lang3\3.1\commons-lang3-3.1.jar;C:\Users\r626095\.m2\customrepolocation\org\apache\httpcomponents\httpmime\4.3.1\httpmime-4.3.1.jar;C:\Users\r626095\.m2\customrepolocation\commons-codec\commons-codec\1.8\commons-codec-1.8.jar;C:\Users\r626095\.m2\customrepolocation\net\sourceforge\htmlunit\htmlunit-core-js\2.13\htmlunit-core-js-2.13.jar;C:\Users\r626095\.m2\customrepolocation\xerces\xercesImpl\2.11.0\xercesImpl-2.11.0.jar;C:\Users\r626095\.m2\customrepolocation\net\sourceforge\nekohtml\nekohtml\1.9.19\nekohtml-1.9.19.jar;C:\Users\r626095\.m2\customrepolocation\net\sourceforge\cssparser\cssparser\0.9.11\cssparser-0.9.11.jar;C:\Users\r626095\.m2\customrepolocation\org\w3c\css\sac\1.3\sac-1.3.jar;C:\Users\r626095\.m2\customrepolocation\org\eclipse\jetty\jetty-websocket\8.1.12.v20130726\jetty-websocket-8.1.12.v20130726.jar;C:\Users\r626095\.m2\customrepolocation\org\eclipse\jetty\jetty-util\8.1.12.v20130726\jetty-util-8.1.12.v20130726.jar;C:\Users\r626095\.m2\customrepolocation\org\eclipse\jetty\jetty-io\8.1.12.v20130726\jetty-io-8.1.12.v20130726.jar;C:\Users\r626095\.m2\customrepolocation\org\eclipse\jetty\jetty-http\8.1.12.v20130726\jetty-http-8.1.12.v20130726.jar;C:\Users\r626095\.m2\customrepolocation\org\apache\httpcomponents\httpclient\4.3\httpclient-4.3.jar;C:\Users\r626095\.m2\customrepolocation\org\apache\httpcomponents\httpcore\4.3\httpcore-4.3.jar;C:\Users\r626095\.m2\customrepolocation\org\seleniumhq\selenium\selenium-firefox-driver\2.37.0\selenium-firefox-driver-2.37.0.jar;C:\Users\r626095\.m2\customrepolocation\commons-io\commons-io\2.2\commons-io-2.2.jar;C:\Users\r626095\.m2\customrepolocation\org\apache\commons\commons-exec\1.1\commons-exec-1.1.jar;C:\Users\r626095\.m2\customrepolocation\org\seleniumhq\selenium\selenium-ie-driver\2.37.0\selenium-ie-driver-2.37.0.jar;C:\Users\r626095\.m2\customrepolocation\net\java\dev\jna\jna\3.4.0\jna-3.4.0.jar;C:\Users\r626095\.m2\customrepolocation\net\java\dev\jna\platform\3.4.0\platform-3.4.0.jar;C:\Users\r626095\.m2\customrepolocation\org\seleniumhq\selenium\selenium-iphone-driver\2.37.0\selenium-iphone-driver-2.37.0.jar;C:\Users\r626095\.m2\customrepolocation\org\seleniumhq\selenium\selenium-safari-driver\2.37.0\selenium-safari-driver-2.37.0.jar;C:\Users\r626095\.m2\customrepolocation\org\seleniumhq\selenium\selenium-support\2.37.0\selenium-support-2.37.0.jar;C:\Users\r626095\.m2\customrepolocation\org\seleniumhq\selenium\selenium-api\2.37.0\selenium-api-2.37.0.jar;C:\Users\r626095\.m2\customrepolocation\org\webbitserver\webbit\0.4.14\webbit-0.4.14.jar;C:\Users\r626095\.m2\customrepolocation\io\netty\netty\3.5.2.Final\netty-3.5.2.Final.jar;C:\Users\r626095\.m2\customrepolocation\com\healthsparq\engine\test\test-selenium-common\1.0.0-SNAPSHOT\test-selenium-common-1.0.0-SNAPSHOT-tests.jar;C:\Users\r626095\.m2\customrepolocation\com\googlecode\json-simple\json-simple\1.1.1\json-simple-1.1.1.jar;C:\Users\r626095\.m2\customrepolocation\com\googlecode\jarjar\jarjar\1.1\jarjar-1.1.jar;C:\Users\r626095\.m2\customrepolocation\org\slf4j\slf4j-simple\1.7.6\slf4j-simple-1.7.6.jar;C:\Users\r626095\.m2\customrepolocation\org\slf4j\slf4j-api\1.7.6\slf4j-api-1.7.6.jar;C:\Users\r626095\.m2\customrepolocation\org\apache\metamodel\MetaModel-full\4.0.0-incubating\MetaModel-full-4.0.0-incubating.jar;C:\Users\r626095\.m2\customrepolocation\org\apache\metamodel\MetaModel-core\4.0.0-incubating\MetaModel-core-4.0.0-incubating.jar;C:\Users\r626095\.m2\customrepolocation\org\apache\metamodel\MetaModel-pojo\4.0.0-incubating\MetaModel-pojo-4.0.0-incubating.jar;C:\Users\r626095\.m2\customrepolocation\org\apache\metamodel\MetaModel-csv\4.0.0-incubating\MetaModel-csv-4.0.0-incubating.jar;C:\Users\r626095\.m2\customrepolocation\net\sf\opencsv\opencsv\2.1\opencsv-2.1.jar;C:\Users\r626095\.m2\customrepolocation\org\apache\metamodel\MetaModel-fixedwidth\4.0.0-incubating\MetaModel-fixedwidth-4.0.0-incubating.jar;C:\Users\r626095\.m2\customrepolocation\org\apache\metamodel\MetaModel-mongodb\4.0.0-incubating\MetaModel-mongodb-4.0.0-incubating.jar;C:\Users\r626095\.m2\customrepolocation\org\mongodb\mongo-java-driver\2.9.1\mongo-java-driver-2.9.1.jar;C:\Users\r626095\.m2\customrepolocation\org\apache\metamodel\MetaModel-salesforce\4.0.0-incubating\MetaModel-salesforce-4.0.0-incubating.jar;C:\Users\r626095\.m2\customrepolocation\com\force\api\force-partner-api\24.0.0\force-partner-api-24.0.0.jar;C:\Users\r626095\.m2\customrepolocation\com\force\api\force-wsc\24.0.0\force-wsc-24.0.0.jar;C:\Users\r626095\.m2\customrepolocation\org\apache\metamodel\MetaModel-sugarcrm\4.0.0-incubating\MetaModel-sugarcrm-4.0.0-incubating.jar;C:\Users\r626095\.m2\customrepolocation\org\apache\metamodel\MetaModel-excel\4.0.0-incubating\MetaModel-excel-4.0.0-incubating.jar;C:\Users\r626095\.m2\customrepolocation\org\apache\poi\poi-ooxml\3.9\poi-ooxml-3.9.jar;C:\Users\r626095\.m2\customrepolocation\org\apache\poi\poi-ooxml-schemas\3.9\poi-ooxml-schemas-3.9.jar;C:\Users\r626095\.m2\customrepolocation\org\apache\xmlbeans\xmlbeans\2.3.0\xmlbeans-2.3.0.jar;C:\Users\r626095\.m2\customrepolocation\stax\stax-api\1.0.1\stax-api-1.0.1.jar;C:\Users\r626095\.m2\customrepolocation\dom4j\dom4j\1.6.1\dom4j-1.6.1.jar;C:\Users\r626095\.m2\customrepolocation\xml-apis\xml-apis\1.3.04\xml-apis-1.3.04.jar;C:\Users\r626095\.m2\customrepolocation\org\apache\metamodel\MetaModel-jdbc\4.0.0-incubating\MetaModel-jdbc-4.0.0-incubating.jar;C:\Users\r626095\.m2\customrepolocation\commons-pool\commons-pool\1.6\commons-pool-1.6.jar;C:\Users\r626095\.m2\customrepolocation\org\apache\metamodel\MetaModel-couchdb\4.0.0-incubating\MetaModel-couchdb-4.0.0-incubating.jar;C:\Users\r626095\.m2\customrepolocation\org\ektorp\org.ektorp\1.3.0\org.ektorp-1.3.0.jar;C:\Users\r626095\.m2\customrepolocation\org\apache\httpcomponents\httpclient-cache\4.1.2\httpclient-cache-4.1.2.jar;C:\Users\r626095\.m2\customrepolocation\org\codehaus\jackson\jackson-core-asl\1.9.12\jackson-core-asl-1.9.12.jar;C:\Users\r626095\.m2\customrepolocation\org\codehaus\jackson\jackson-mapper-asl\1.9.12\jackson-mapper-asl-1.9.12.jar;C:\Users\r626095\.m2\customrepolocation\org\slf4j\jcl-over-slf4j\1.7.4\jcl-over-slf4j-1.7.4.jar;C:\Users\r626095\.m2\customrepolocation\org\apache\metamodel\MetaModel-openoffice\4.0.0-incubating\MetaModel-openoffice-4.0.0-incubating.jar;C:\Users\r626095\.m2\customrepolocation\hsqldb\hsqldb\1.8.0.10\hsqldb-1.8.0.10.jar;C:\Users\r626095\.m2\customrepolocation\org\apache\metamodel\MetaModel-xml\4.0.0-incubating\MetaModel-xml-4.0.0-incubating.jar;C:\Users\r626095\.m2\customrepolocation\commons-lang\commons-lang\2.3\commons-lang-2.3.jar;C:\Users\r626095\.m2\customrepolocation\net\sourceforge\jexcelapi\jxl\2.6.12\jxl-2.6.12.jar;C:\Users\r626095\.m2\customrepolocation\log4j\log4j\1.2.14\log4j-1.2.14.jar;C:\Users\r626095\.m2\customrepolocation\org\apache\poi\poi\3.5-FINAL\poi-3.5-FINAL.jar;C:\Users\r626095\.m2\customrepolocation\commons-logging\commons-logging\1.1\commons-logging-1.1.jar;C:\Users\r626095\.m2\customrepolocation\logkit\logkit\1.0.1\logkit-1.0.1.jar;C:\Users\r626095\.m2\customrepolocation\avalon-framework\avalon-framework\4.1.3\avalon-framework-4.1.3.jar;C:\Users\r626095\.m2\customrepolocation\javax\servlet\servlet-api\2.3\servlet-api-2.3.jar;C:\Users\r626095\.m2\customrepolocation\org\apache\maven\surefire\surefire-testng-utils\2.16\surefire-testng-utils-2.16.jar;C:\Users\r626095\.m2\customrepolocation\org\apache\maven\surefire\surefire-grouper\2.16\surefire-grouper-2.16.jar;]]>
    </line>
    <line>
      <![CDATA[java.vm.specification.version => 1.7]]>
    </line>
    <line>
      <![CDATA[sun.arch.data.model => 64]]>
    </line>
    <line>
      <![CDATA[java.home => C:\Java\jdk1.7.0_40\jre]]>
    </line>
    <line>
      <![CDATA[sun.java.command => C:\Eclipse64\workspace\testngSystemVars\target\surefire\surefirebooter2346225429239745682.jar C:\Eclipse64\workspace\testngSystemVars\target\surefire\surefire1615682592868973941tmp C:\Eclipse64\workspace\testngSystemVars\target\surefire\surefire_04603825156637925278tmp]]>
    </line>
    <line>
      <![CDATA[java.specification.vendor => Oracle Corporation]]>
    </line>
    <line>
      <![CDATA[user.language => en]]>
    </line>
    <line>
      <![CDATA[awt.toolkit => sun.awt.windows.WToolkit]]>
    </line>
    <line>
      <![CDATA[java.vm.info => mixed mode]]>
    </line>
    <line>
      <![CDATA[java.version => 1.7.0_40]]>
    </line>
    <line>
      <![CDATA[java.ext.dirs => C:\Java\jdk1.7.0_40\jre\lib\ext;C:\Windows\Sun\Java\lib\ext]]>
    </line>
    <line>
      <![CDATA[sun.boot.class.path => C:\Java\jdk1.7.0_40\jre\lib\resources.jar;C:\Java\jdk1.7.0_40\jre\lib\rt.jar;C:\Java\jdk1.7.0_40\jre\lib\sunrsasign.jar;C:\Java\jdk1.7.0_40\jre\lib\jsse.jar;C:\Java\jdk1.7.0_40\jre\lib\jce.jar;C:\Java\jdk1.7.0_40\jre\lib\charsets.jar;C:\Java\jdk1.7.0_40\jre\lib\jfr.jar;C:\Java\jdk1.7.0_40\jre\classes]]>
    </line>
    <line>
      <![CDATA[java.vendor => Oracle Corporation]]>
    </line>
    <line>
      <![CDATA[localRepository => C:\Users\r626095\.m2\customrepolocation]]>
    </line>
    <line>
      <![CDATA[file.separator => \]]>
    </line>
    <line>
      <![CDATA[java.vendor.url.bug => http://bugreport.sun.com/bugreport/]]>
    </line>
    <line>
      <![CDATA[sun.cpu.endian => little]]>
    </line>
    <line>
      <![CDATA[sun.io.unicode.encoding => UnicodeLittle]]>
    </line>
    <line>
      <![CDATA[sun.desktop => windows]]>
    </line>
    <line>
      <![CDATA[sun.cpu.isalist => amd64]]>
    </line>
    <line>
      <![CDATA[---------------------------]]>
    </line>
    <line>
      <![CDATA[]]>
    </line>
  </reporter-output>
  <suite name="SmokeTests" duration-ms="32" started-at="2014-03-06T17:47:35Z" finished-at="2014-03-06T17:47:35Z">
    <groups>
      <group name="smoke">
        <method signature="SmokeTest.testDummy()[pri:0, instance:qa.test.tests.SmokeTest@52bd6f9e]" name="testDummy" class="qa.test.tests.SmokeTest"/>
        <method signature="SmokeTest.testForTestNGtestenvVar()[pri:0, instance:qa.test.tests.SmokeTest@52bd6f9e]" name="testForTestNGtestenvVar" class="qa.test.tests.SmokeTest"/>
        <method signature="SmokeTest.testFortestngDOTtestenvVar()[pri:0, instance:qa.test.tests.SmokeTest@52bd6f9e]" name="testFortestngDOTtestenvVar" class="qa.test.tests.SmokeTest"/>
      </group> <!-- smoke -->
    </groups>
    <test name="SmokeTests" duration-ms="32" started-at="2014-03-06T17:47:35Z" finished-at="2014-03-06T17:47:35Z">
      <class name="qa.test.tests.SmokeTest">
        <test-method status="PASS" signature="testDummy()[pri:0, instance:qa.test.tests.SmokeTest@52bd6f9e]" name="testDummy" duration-ms="16" started-at="2014-03-06T09:47:35Z" description="Print system properties." finished-at="2014-03-06T09:47:35Z">
          <reporter-output>
            <line>
              <![CDATA[---------------------------]]>
            </line>
            <line>
              <![CDATA[java.runtime.name => Java(TM) SE Runtime Environment]]>
            </line>
            <line>
              <![CDATA[sun.boot.library.path => C:\Java\jdk1.7.0_40\jre\bin]]>
            </line>
            <line>
              <![CDATA[java.vm.version => 24.0-b56]]>
            </line>
            <line>
              <![CDATA[java.vm.vendor => Oracle Corporation]]>
            </line>
            <line>
              <![CDATA[java.vendor.url => http://java.oracle.com/]]>
            </line>
            <line>
              <![CDATA[path.separator => ;]]>
            </line>
            <line>
              <![CDATA[java.vm.name => Java HotSpot(TM) 64-Bit Server VM]]>
            </line>
            <line>
              <![CDATA[file.encoding.pkg => sun.io]]>
            </line>
            <line>
              <![CDATA[user.script => ]]>
            </line>
            <line>
              <![CDATA[user.country => US]]>
            </line>
            <line>
              <![CDATA[sun.java.launcher => SUN_STANDARD]]>
            </line>
            <line>
              <![CDATA[sun.os.patch.level => Service Pack 1]]>
            </line>
            <line>
              <![CDATA[java.vm.specification.name => Java Virtual Machine Specification]]>
            </line>
            <line>
              <![CDATA[user.dir => C:\Eclipse64\workspace\testngSystemVars]]>
            </line>
            <line>
              <![CDATA[java.runtime.version => 1.7.0_40-b43]]>
            </line>
            <line>
              <![CDATA[java.awt.graphicsenv => sun.awt.Win32GraphicsEnvironment]]>
            </line>
            <line>
              <![CDATA[basedir => C:\Eclipse64\workspace\testngSystemVars]]>
            </line>
            <line>
              <![CDATA[java.endorsed.dirs => C:\Java\jdk1.7.0_40\jre\lib\endorsed]]>
            </line>
            <line>
              <![CDATA[os.arch => amd64]]>
            </line>
            <line>
              <![CDATA[surefire.real.class.path => C:\Eclipse64\workspace\testngSystemVars\target\surefire\surefirebooter2346225429239745682.jar]]>
            </line>
            <line>
              <![CDATA[java.io.tmpdir => C:\Users\r626095\AppData\Local\Temp\]]>
            </line>
            <line>
              <![CDATA[line.separator => 
]]>
            </line>
            <line>
              <![CDATA[java.vm.specification.vendor => Oracle Corporation]]>
            </line>
            <line>
              <![CDATA[user.variant => ]]>
            </line>
            <line>
              <![CDATA[os.name => Windows 7]]>
            </line>
            <line>
              <![CDATA[sun.jnu.encoding => Cp1252]]>
            </line>
            <line>
              <![CDATA[java.library.path => C:\Java\jdk1.7.0_40\jre\bin;C:\Windows\Sun\Java\bin;C:\Windows\system32;C:\Windows;C:/Java/jdk1.7.0_40/bin/../jre/bin/server;C:/Java/jdk1.7.0_40/bin/../jre/bin;C:/Java/jdk1.7.0_40/bin/../jre/lib/amd64;C:\Java\jdk1.7.0_40\bin;C:\Program Files (x86)\Intel\iCLS Client\;C:\Program Files\Intel\iCLS Client\;C:\Windows\system32;C:\Windows;C:\Windows\System32\Wbem;C:\Windows\System32\WindowsPowerShell\v1.0\;C:\OBASE\ora10\bin;C:\OBASE\ora10\jre\1.4.2\bin\client;C:\OBASE\ora10\jre\1.4.2\bin;C:\OBASE\11gR2\bin;C:\Program Files (x86)\Verint\Playback\;C:\Program Files\Intel\Intel(R) Management Engine Components\DAL;C:\Program Files\Intel\Intel(R) Management Engine Components\IPT;C:\Program Files (x86)\Intel\Intel(R) Management Engine Components\DAL;C:\Program Files (x86)\Intel\Intel(R) Management Engine Components\IPT;C:\Program Files (x86)\Git\cmd;C:\Program Files (x86)\Git\bin;C:\Program Files (x86)\PuTTY;C:\Java\apache-maven-3.1.0\bin;C:\Java\groovy-2.2.0\bin;C:\Java\gradle-1.9\bin;C:\Windows\System32\WindowsPowerShell\v1.0\;C:\Program Files\TortoiseGit\bin;C:\Program Files (x86)\Intel\OpenCL SDK\2.0\bin\x86;C:\Program Files (x86)\Intel\OpenCL SDK\2.0\bin\x64;C:\Program Files\Intel\WiFi\bin\;C:\Program Files\Common Files\Intel\WirelessCommon\;C:\Program Files\cURL\bin;C:\Eclipse64;;.]]>
            </line>
            <line>
              <![CDATA[surefire.test.class.path => C:\Eclipse64\workspace\testngSystemVars\target\test-classes;C:\Eclipse64\workspace\testngSystemVars\target\classes;C:\Users\r626095\.m2\customrepolocation\org\testng\testng\6.8.7\testng-6.8.7.jar;C:\Users\r626095\.m2\customrepolocation\junit\junit\4.10\junit-4.10.jar;C:\Users\r626095\.m2\customrepolocation\org\hamcrest\hamcrest-core\1.1\hamcrest-core-1.1.jar;C:\Users\r626095\.m2\customrepolocation\org\beanshell\bsh\2.0b4\bsh-2.0b4.jar;C:\Users\r626095\.m2\customrepolocation\com\beust\jcommander\1.27\jcommander-1.27.jar;C:\Users\r626095\.m2\customrepolocation\org\yaml\snakeyaml\1.12\snakeyaml-1.12.jar;C:\Users\r626095\.m2\customrepolocation\org\seleniumhq\selenium\selenium-java\2.37.0\selenium-java-2.37.0.jar;C:\Users\r626095\.m2\customrepolocation\org\seleniumhq\selenium\selenium-android-driver\2.37.0\selenium-android-driver-2.37.0.jar;C:\Users\r626095\.m2\customrepolocation\org\seleniumhq\selenium\selenium-remote-driver\2.37.0\selenium-remote-driver-2.37.0.jar;C:\Users\r626095\.m2\customrepolocation\cglib\cglib-nodep\2.1_3\cglib-nodep-2.1_3.jar;C:\Users\r626095\.m2\customrepolocation\org\json\json\20080701\json-20080701.jar;C:\Users\r626095\.m2\customrepolocation\com\google\guava\guava\15.0\guava-15.0.jar;C:\Users\r626095\.m2\customrepolocation\org\seleniumhq\selenium\selenium-chrome-driver\2.37.0\selenium-chrome-driver-2.37.0.jar;C:\Users\r626095\.m2\customrepolocation\org\seleniumhq\selenium\selenium-htmlunit-driver\2.37.0\selenium-htmlunit-driver-2.37.0.jar;C:\Users\r626095\.m2\customrepolocation\net\sourceforge\htmlunit\htmlunit\2.13\htmlunit-2.13.jar;C:\Users\r626095\.m2\customrepolocation\xalan\xalan\2.7.1\xalan-2.7.1.jar;C:\Users\r626095\.m2\customrepolocation\xalan\serializer\2.7.1\serializer-2.7.1.jar;C:\Users\r626095\.m2\customrepolocation\commons-collections\commons-collections\3.2.1\commons-collections-3.2.1.jar;C:\Users\r626095\.m2\customrepolocation\org\apache\commons\commons-lang3\3.1\commons-lang3-3.1.jar;C:\Users\r626095\.m2\customrepolocation\org\apache\httpcomponents\httpmime\4.3.1\httpmime-4.3.1.jar;C:\Users\r626095\.m2\customrepolocation\commons-codec\commons-codec\1.8\commons-codec-1.8.jar;C:\Users\r626095\.m2\customrepolocation\net\sourceforge\htmlunit\htmlunit-core-js\2.13\htmlunit-core-js-2.13.jar;C:\Users\r626095\.m2\customrepolocation\xerces\xercesImpl\2.11.0\xercesImpl-2.11.0.jar;C:\Users\r626095\.m2\customrepolocation\net\sourceforge\nekohtml\nekohtml\1.9.19\nekohtml-1.9.19.jar;C:\Users\r626095\.m2\customrepolocation\net\sourceforge\cssparser\cssparser\0.9.11\cssparser-0.9.11.jar;C:\Users\r626095\.m2\customrepolocation\org\w3c\css\sac\1.3\sac-1.3.jar;C:\Users\r626095\.m2\customrepolocation\org\eclipse\jetty\jetty-websocket\8.1.12.v20130726\jetty-websocket-8.1.12.v20130726.jar;C:\Users\r626095\.m2\customrepolocation\org\eclipse\jetty\jetty-util\8.1.12.v20130726\jetty-util-8.1.12.v20130726.jar;C:\Users\r626095\.m2\customrepolocation\org\eclipse\jetty\jetty-io\8.1.12.v20130726\jetty-io-8.1.12.v20130726.jar;C:\Users\r626095\.m2\customrepolocation\org\eclipse\jetty\jetty-http\8.1.12.v20130726\jetty-http-8.1.12.v20130726.jar;C:\Users\r626095\.m2\customrepolocation\org\apache\httpcomponents\httpclient\4.3\httpclient-4.3.jar;C:\Users\r626095\.m2\customrepolocation\org\apache\httpcomponents\httpcore\4.3\httpcore-4.3.jar;C:\Users\r626095\.m2\customrepolocation\org\seleniumhq\selenium\selenium-firefox-driver\2.37.0\selenium-firefox-driver-2.37.0.jar;C:\Users\r626095\.m2\customrepolocation\commons-io\commons-io\2.2\commons-io-2.2.jar;C:\Users\r626095\.m2\customrepolocation\org\apache\commons\commons-exec\1.1\commons-exec-1.1.jar;C:\Users\r626095\.m2\customrepolocation\org\seleniumhq\selenium\selenium-ie-driver\2.37.0\selenium-ie-driver-2.37.0.jar;C:\Users\r626095\.m2\customrepolocation\net\java\dev\jna\jna\3.4.0\jna-3.4.0.jar;C:\Users\r626095\.m2\customrepolocation\net\java\dev\jna\platform\3.4.0\platform-3.4.0.jar;C:\Users\r626095\.m2\customrepolocation\org\seleniumhq\selenium\selenium-iphone-driver\2.37.0\selenium-iphone-driver-2.37.0.jar;C:\Users\r626095\.m2\customrepolocation\org\seleniumhq\selenium\selenium-safari-driver\2.37.0\selenium-safari-driver-2.37.0.jar;C:\Users\r626095\.m2\customrepolocation\org\seleniumhq\selenium\selenium-support\2.37.0\selenium-support-2.37.0.jar;C:\Users\r626095\.m2\customrepolocation\org\seleniumhq\selenium\selenium-api\2.37.0\selenium-api-2.37.0.jar;C:\Users\r626095\.m2\customrepolocation\org\webbitserver\webbit\0.4.14\webbit-0.4.14.jar;C:\Users\r626095\.m2\customrepolocation\io\netty\netty\3.5.2.Final\netty-3.5.2.Final.jar;C:\Users\r626095\.m2\customrepolocation\com\healthsparq\engine\test\test-selenium-common\1.0.0-SNAPSHOT\test-selenium-common-1.0.0-SNAPSHOT-tests.jar;C:\Users\r626095\.m2\customrepolocation\com\googlecode\json-simple\json-simple\1.1.1\json-simple-1.1.1.jar;C:\Users\r626095\.m2\customrepolocation\com\googlecode\jarjar\jarjar\1.1\jarjar-1.1.jar;C:\Users\r626095\.m2\customrepolocation\org\slf4j\slf4j-simple\1.7.6\slf4j-simple-1.7.6.jar;C:\Users\r626095\.m2\customrepolocation\org\slf4j\slf4j-api\1.7.6\slf4j-api-1.7.6.jar;C:\Users\r626095\.m2\customrepolocation\org\apache\metamodel\MetaModel-full\4.0.0-incubating\MetaModel-full-4.0.0-incubating.jar;C:\Users\r626095\.m2\customrepolocation\org\apache\metamodel\MetaModel-core\4.0.0-incubating\MetaModel-core-4.0.0-incubating.jar;C:\Users\r626095\.m2\customrepolocation\org\apache\metamodel\MetaModel-pojo\4.0.0-incubating\MetaModel-pojo-4.0.0-incubating.jar;C:\Users\r626095\.m2\customrepolocation\org\apache\metamodel\MetaModel-csv\4.0.0-incubating\MetaModel-csv-4.0.0-incubating.jar;C:\Users\r626095\.m2\customrepolocation\net\sf\opencsv\opencsv\2.1\opencsv-2.1.jar;C:\Users\r626095\.m2\customrepolocation\org\apache\metamodel\MetaModel-fixedwidth\4.0.0-incubating\MetaModel-fixedwidth-4.0.0-incubating.jar;C:\Users\r626095\.m2\customrepolocation\org\apache\metamodel\MetaModel-mongodb\4.0.0-incubating\MetaModel-mongodb-4.0.0-incubating.jar;C:\Users\r626095\.m2\customrepolocation\org\mongodb\mongo-java-driver\2.9.1\mongo-java-driver-2.9.1.jar;C:\Users\r626095\.m2\customrepolocation\org\apache\metamodel\MetaModel-salesforce\4.0.0-incubating\MetaModel-salesforce-4.0.0-incubating.jar;C:\Users\r626095\.m2\customrepolocation\com\force\api\force-partner-api\24.0.0\force-partner-api-24.0.0.jar;C:\Users\r626095\.m2\customrepolocation\com\force\api\force-wsc\24.0.0\force-wsc-24.0.0.jar;C:\Users\r626095\.m2\customrepolocation\org\apache\metamodel\MetaModel-sugarcrm\4.0.0-incubating\MetaModel-sugarcrm-4.0.0-incubating.jar;C:\Users\r626095\.m2\customrepolocation\org\apache\metamodel\MetaModel-excel\4.0.0-incubating\MetaModel-excel-4.0.0-incubating.jar;C:\Users\r626095\.m2\customrepolocation\org\apache\poi\poi-ooxml\3.9\poi-ooxml-3.9.jar;C:\Users\r626095\.m2\customrepolocation\org\apache\poi\poi-ooxml-schemas\3.9\poi-ooxml-schemas-3.9.jar;C:\Users\r626095\.m2\customrepolocation\org\apache\xmlbeans\xmlbeans\2.3.0\xmlbeans-2.3.0.jar;C:\Users\r626095\.m2\customrepolocation\stax\stax-api\1.0.1\stax-api-1.0.1.jar;C:\Users\r626095\.m2\customrepolocation\dom4j\dom4j\1.6.1\dom4j-1.6.1.jar;C:\Users\r626095\.m2\customrepolocation\xml-apis\xml-apis\1.3.04\xml-apis-1.3.04.jar;C:\Users\r626095\.m2\customrepolocation\org\apache\metamodel\MetaModel-jdbc\4.0.0-incubating\MetaModel-jdbc-4.0.0-incubating.jar;C:\Users\r626095\.m2\customrepolocation\commons-pool\commons-pool\1.6\commons-pool-1.6.jar;C:\Users\r626095\.m2\customrepolocation\org\apache\metamodel\MetaModel-couchdb\4.0.0-incubating\MetaModel-couchdb-4.0.0-incubating.jar;C:\Users\r626095\.m2\customrepolocation\org\ektorp\org.ektorp\1.3.0\org.ektorp-1.3.0.jar;C:\Users\r626095\.m2\customrepolocation\org\apache\httpcomponents\httpclient-cache\4.1.2\httpclient-cache-4.1.2.jar;C:\Users\r626095\.m2\customrepolocation\org\codehaus\jackson\jackson-core-asl\1.9.12\jackson-core-asl-1.9.12.jar;C:\Users\r626095\.m2\customrepolocation\org\codehaus\jackson\jackson-mapper-asl\1.9.12\jackson-mapper-asl-1.9.12.jar;C:\Users\r626095\.m2\customrepolocation\org\slf4j\jcl-over-slf4j\1.7.4\jcl-over-slf4j-1.7.4.jar;C:\Users\r626095\.m2\customrepolocation\org\apache\metamodel\MetaModel-openoffice\4.0.0-incubating\MetaModel-openoffice-4.0.0-incubating.jar;C:\Users\r626095\.m2\customrepolocation\hsqldb\hsqldb\1.8.0.10\hsqldb-1.8.0.10.jar;C:\Users\r626095\.m2\customrepolocation\org\apache\metamodel\MetaModel-xml\4.0.0-incubating\MetaModel-xml-4.0.0-incubating.jar;C:\Users\r626095\.m2\customrepolocation\commons-lang\commons-lang\2.3\commons-lang-2.3.jar;C:\Users\r626095\.m2\customrepolocation\net\sourceforge\jexcelapi\jxl\2.6.12\jxl-2.6.12.jar;C:\Users\r626095\.m2\customrepolocation\log4j\log4j\1.2.14\log4j-1.2.14.jar;C:\Users\r626095\.m2\customrepolocation\org\apache\poi\poi\3.5-FINAL\poi-3.5-FINAL.jar;C:\Users\r626095\.m2\customrepolocation\commons-logging\commons-logging\1.1\commons-logging-1.1.jar;C:\Users\r626095\.m2\customrepolocation\logkit\logkit\1.0.1\logkit-1.0.1.jar;C:\Users\r626095\.m2\customrepolocation\avalon-framework\avalon-framework\4.1.3\avalon-framework-4.1.3.jar;C:\Users\r626095\.m2\customrepolocation\javax\servlet\servlet-api\2.3\servlet-api-2.3.jar;C:\Users\r626095\.m2\customrepolocation\org\apache\maven\surefire\surefire-testng-utils\2.16\surefire-testng-utils-2.16.jar;C:\Users\r626095\.m2\customrepolocation\org\apache\maven\surefire\surefire-grouper\2.16\surefire-grouper-2.16.jar;]]>
            </line>
            <line>
              <![CDATA[java.specification.name => Java Platform API Specification]]>
            </line>
            <line>
              <![CDATA[java.class.version => 51.0]]>
            </line>
            <line>
              <![CDATA[sun.management.compiler => HotSpot 64-Bit Tiered Compilers]]>
            </line>
            <line>
              <![CDATA[os.version => 6.1]]>
            </line>
            <line>
              <![CDATA[user.home => C:\Users\r626095]]>
            </line>
            <line>
              <![CDATA[user.timezone => ]]>
            </line>
            <line>
              <![CDATA[java.awt.printerjob => sun.awt.windows.WPrinterJob]]>
            </line>
            <line>
              <![CDATA[java.specification.version => 1.7]]>
            </line>
            <line>
              <![CDATA[file.encoding => Cp1252]]>
            </line>
            <line>
              <![CDATA[user.name => r626095]]>
            </line>
            <line>
              <![CDATA[java.class.path => C:\Eclipse64\workspace\testngSystemVars\target\test-classes;C:\Eclipse64\workspace\testngSystemVars\target\classes;C:\Users\r626095\.m2\customrepolocation\org\testng\testng\6.8.7\testng-6.8.7.jar;C:\Users\r626095\.m2\customrepolocation\junit\junit\4.10\junit-4.10.jar;C:\Users\r626095\.m2\customrepolocation\org\hamcrest\hamcrest-core\1.1\hamcrest-core-1.1.jar;C:\Users\r626095\.m2\customrepolocation\org\beanshell\bsh\2.0b4\bsh-2.0b4.jar;C:\Users\r626095\.m2\customrepolocation\com\beust\jcommander\1.27\jcommander-1.27.jar;C:\Users\r626095\.m2\customrepolocation\org\yaml\snakeyaml\1.12\snakeyaml-1.12.jar;C:\Users\r626095\.m2\customrepolocation\org\seleniumhq\selenium\selenium-java\2.37.0\selenium-java-2.37.0.jar;C:\Users\r626095\.m2\customrepolocation\org\seleniumhq\selenium\selenium-android-driver\2.37.0\selenium-android-driver-2.37.0.jar;C:\Users\r626095\.m2\customrepolocation\org\seleniumhq\selenium\selenium-remote-driver\2.37.0\selenium-remote-driver-2.37.0.jar;C:\Users\r626095\.m2\customrepolocation\cglib\cglib-nodep\2.1_3\cglib-nodep-2.1_3.jar;C:\Users\r626095\.m2\customrepolocation\org\json\json\20080701\json-20080701.jar;C:\Users\r626095\.m2\customrepolocation\com\google\guava\guava\15.0\guava-15.0.jar;C:\Users\r626095\.m2\customrepolocation\org\seleniumhq\selenium\selenium-chrome-driver\2.37.0\selenium-chrome-driver-2.37.0.jar;C:\Users\r626095\.m2\customrepolocation\org\seleniumhq\selenium\selenium-htmlunit-driver\2.37.0\selenium-htmlunit-driver-2.37.0.jar;C:\Users\r626095\.m2\customrepolocation\net\sourceforge\htmlunit\htmlunit\2.13\htmlunit-2.13.jar;C:\Users\r626095\.m2\customrepolocation\xalan\xalan\2.7.1\xalan-2.7.1.jar;C:\Users\r626095\.m2\customrepolocation\xalan\serializer\2.7.1\serializer-2.7.1.jar;C:\Users\r626095\.m2\customrepolocation\commons-collections\commons-collections\3.2.1\commons-collections-3.2.1.jar;C:\Users\r626095\.m2\customrepolocation\org\apache\commons\commons-lang3\3.1\commons-lang3-3.1.jar;C:\Users\r626095\.m2\customrepolocation\org\apache\httpcomponents\httpmime\4.3.1\httpmime-4.3.1.jar;C:\Users\r626095\.m2\customrepolocation\commons-codec\commons-codec\1.8\commons-codec-1.8.jar;C:\Users\r626095\.m2\customrepolocation\net\sourceforge\htmlunit\htmlunit-core-js\2.13\htmlunit-core-js-2.13.jar;C:\Users\r626095\.m2\customrepolocation\xerces\xercesImpl\2.11.0\xercesImpl-2.11.0.jar;C:\Users\r626095\.m2\customrepolocation\net\sourceforge\nekohtml\nekohtml\1.9.19\nekohtml-1.9.19.jar;C:\Users\r626095\.m2\customrepolocation\net\sourceforge\cssparser\cssparser\0.9.11\cssparser-0.9.11.jar;C:\Users\r626095\.m2\customrepolocation\org\w3c\css\sac\1.3\sac-1.3.jar;C:\Users\r626095\.m2\customrepolocation\org\eclipse\jetty\jetty-websocket\8.1.12.v20130726\jetty-websocket-8.1.12.v20130726.jar;C:\Users\r626095\.m2\customrepolocation\org\eclipse\jetty\jetty-util\8.1.12.v20130726\jetty-util-8.1.12.v20130726.jar;C:\Users\r626095\.m2\customrepolocation\org\eclipse\jetty\jetty-io\8.1.12.v20130726\jetty-io-8.1.12.v20130726.jar;C:\Users\r626095\.m2\customrepolocation\org\eclipse\jetty\jetty-http\8.1.12.v20130726\jetty-http-8.1.12.v20130726.jar;C:\Users\r626095\.m2\customrepolocation\org\apache\httpcomponents\httpclient\4.3\httpclient-4.3.jar;C:\Users\r626095\.m2\customrepolocation\org\apache\httpcomponents\httpcore\4.3\httpcore-4.3.jar;C:\Users\r626095\.m2\customrepolocation\org\seleniumhq\selenium\selenium-firefox-driver\2.37.0\selenium-firefox-driver-2.37.0.jar;C:\Users\r626095\.m2\customrepolocation\commons-io\commons-io\2.2\commons-io-2.2.jar;C:\Users\r626095\.m2\customrepolocation\org\apache\commons\commons-exec\1.1\commons-exec-1.1.jar;C:\Users\r626095\.m2\customrepolocation\org\seleniumhq\selenium\selenium-ie-driver\2.37.0\selenium-ie-driver-2.37.0.jar;C:\Users\r626095\.m2\customrepolocation\net\java\dev\jna\jna\3.4.0\jna-3.4.0.jar;C:\Users\r626095\.m2\customrepolocation\net\java\dev\jna\platform\3.4.0\platform-3.4.0.jar;C:\Users\r626095\.m2\customrepolocation\org\seleniumhq\selenium\selenium-iphone-driver\2.37.0\selenium-iphone-driver-2.37.0.jar;C:\Users\r626095\.m2\customrepolocation\org\seleniumhq\selenium\selenium-safari-driver\2.37.0\selenium-safari-driver-2.37.0.jar;C:\Users\r626095\.m2\customrepolocation\org\seleniumhq\selenium\selenium-support\2.37.0\selenium-support-2.37.0.jar;C:\Users\r626095\.m2\customrepolocation\org\seleniumhq\selenium\selenium-api\2.37.0\selenium-api-2.37.0.jar;C:\Users\r626095\.m2\customrepolocation\org\webbitserver\webbit\0.4.14\webbit-0.4.14.jar;C:\Users\r626095\.m2\customrepolocation\io\netty\netty\3.5.2.Final\netty-3.5.2.Final.jar;C:\Users\r626095\.m2\customrepolocation\com\healthsparq\engine\test\test-selenium-common\1.0.0-SNAPSHOT\test-selenium-common-1.0.0-SNAPSHOT-tests.jar;C:\Users\r626095\.m2\customrepolocation\com\googlecode\json-simple\json-simple\1.1.1\json-simple-1.1.1.jar;C:\Users\r626095\.m2\customrepolocation\com\googlecode\jarjar\jarjar\1.1\jarjar-1.1.jar;C:\Users\r626095\.m2\customrepolocation\org\slf4j\slf4j-simple\1.7.6\slf4j-simple-1.7.6.jar;C:\Users\r626095\.m2\customrepolocation\org\slf4j\slf4j-api\1.7.6\slf4j-api-1.7.6.jar;C:\Users\r626095\.m2\customrepolocation\org\apache\metamodel\MetaModel-full\4.0.0-incubating\MetaModel-full-4.0.0-incubating.jar;C:\Users\r626095\.m2\customrepolocation\org\apache\metamodel\MetaModel-core\4.0.0-incubating\MetaModel-core-4.0.0-incubating.jar;C:\Users\r626095\.m2\customrepolocation\org\apache\metamodel\MetaModel-pojo\4.0.0-incubating\MetaModel-pojo-4.0.0-incubating.jar;C:\Users\r626095\.m2\customrepolocation\org\apache\metamodel\MetaModel-csv\4.0.0-incubating\MetaModel-csv-4.0.0-incubating.jar;C:\Users\r626095\.m2\customrepolocation\net\sf\opencsv\opencsv\2.1\opencsv-2.1.jar;C:\Users\r626095\.m2\customrepolocation\org\apache\metamodel\MetaModel-fixedwidth\4.0.0-incubating\MetaModel-fixedwidth-4.0.0-incubating.jar;C:\Users\r626095\.m2\customrepolocation\org\apache\metamodel\MetaModel-mongodb\4.0.0-incubating\MetaModel-mongodb-4.0.0-incubating.jar;C:\Users\r626095\.m2\customrepolocation\org\mongodb\mongo-java-driver\2.9.1\mongo-java-driver-2.9.1.jar;C:\Users\r626095\.m2\customrepolocation\org\apache\metamodel\MetaModel-salesforce\4.0.0-incubating\MetaModel-salesforce-4.0.0-incubating.jar;C:\Users\r626095\.m2\customrepolocation\com\force\api\force-partner-api\24.0.0\force-partner-api-24.0.0.jar;C:\Users\r626095\.m2\customrepolocation\com\force\api\force-wsc\24.0.0\force-wsc-24.0.0.jar;C:\Users\r626095\.m2\customrepolocation\org\apache\metamodel\MetaModel-sugarcrm\4.0.0-incubating\MetaModel-sugarcrm-4.0.0-incubating.jar;C:\Users\r626095\.m2\customrepolocation\org\apache\metamodel\MetaModel-excel\4.0.0-incubating\MetaModel-excel-4.0.0-incubating.jar;C:\Users\r626095\.m2\customrepolocation\org\apache\poi\poi-ooxml\3.9\poi-ooxml-3.9.jar;C:\Users\r626095\.m2\customrepolocation\org\apache\poi\poi-ooxml-schemas\3.9\poi-ooxml-schemas-3.9.jar;C:\Users\r626095\.m2\customrepolocation\org\apache\xmlbeans\xmlbeans\2.3.0\xmlbeans-2.3.0.jar;C:\Users\r626095\.m2\customrepolocation\stax\stax-api\1.0.1\stax-api-1.0.1.jar;C:\Users\r626095\.m2\customrepolocation\dom4j\dom4j\1.6.1\dom4j-1.6.1.jar;C:\Users\r626095\.m2\customrepolocation\xml-apis\xml-apis\1.3.04\xml-apis-1.3.04.jar;C:\Users\r626095\.m2\customrepolocation\org\apache\metamodel\MetaModel-jdbc\4.0.0-incubating\MetaModel-jdbc-4.0.0-incubating.jar;C:\Users\r626095\.m2\customrepolocation\commons-pool\commons-pool\1.6\commons-pool-1.6.jar;C:\Users\r626095\.m2\customrepolocation\org\apache\metamodel\MetaModel-couchdb\4.0.0-incubating\MetaModel-couchdb-4.0.0-incubating.jar;C:\Users\r626095\.m2\customrepolocation\org\ektorp\org.ektorp\1.3.0\org.ektorp-1.3.0.jar;C:\Users\r626095\.m2\customrepolocation\org\apache\httpcomponents\httpclient-cache\4.1.2\httpclient-cache-4.1.2.jar;C:\Users\r626095\.m2\customrepolocation\org\codehaus\jackson\jackson-core-asl\1.9.12\jackson-core-asl-1.9.12.jar;C:\Users\r626095\.m2\customrepolocation\org\codehaus\jackson\jackson-mapper-asl\1.9.12\jackson-mapper-asl-1.9.12.jar;C:\Users\r626095\.m2\customrepolocation\org\slf4j\jcl-over-slf4j\1.7.4\jcl-over-slf4j-1.7.4.jar;C:\Users\r626095\.m2\customrepolocation\org\apache\metamodel\MetaModel-openoffice\4.0.0-incubating\MetaModel-openoffice-4.0.0-incubating.jar;C:\Users\r626095\.m2\customrepolocation\hsqldb\hsqldb\1.8.0.10\hsqldb-1.8.0.10.jar;C:\Users\r626095\.m2\customrepolocation\org\apache\metamodel\MetaModel-xml\4.0.0-incubating\MetaModel-xml-4.0.0-incubating.jar;C:\Users\r626095\.m2\customrepolocation\commons-lang\commons-lang\2.3\commons-lang-2.3.jar;C:\Users\r626095\.m2\customrepolocation\net\sourceforge\jexcelapi\jxl\2.6.12\jxl-2.6.12.jar;C:\Users\r626095\.m2\customrepolocation\log4j\log4j\1.2.14\log4j-1.2.14.jar;C:\Users\r626095\.m2\customrepolocation\org\apache\poi\poi\3.5-FINAL\poi-3.5-FINAL.jar;C:\Users\r626095\.m2\customrepolocation\commons-logging\commons-logging\1.1\commons-logging-1.1.jar;C:\Users\r626095\.m2\customrepolocation\logkit\logkit\1.0.1\logkit-1.0.1.jar;C:\Users\r626095\.m2\customrepolocation\avalon-framework\avalon-framework\4.1.3\avalon-framework-4.1.3.jar;C:\Users\r626095\.m2\customrepolocation\javax\servlet\servlet-api\2.3\servlet-api-2.3.jar;C:\Users\r626095\.m2\customrepolocation\org\apache\maven\surefire\surefire-testng-utils\2.16\surefire-testng-utils-2.16.jar;C:\Users\r626095\.m2\customrepolocation\org\apache\maven\surefire\surefire-grouper\2.16\surefire-grouper-2.16.jar;]]>
            </line>
            <line>
              <![CDATA[java.vm.specification.version => 1.7]]>
            </line>
            <line>
              <![CDATA[sun.arch.data.model => 64]]>
            </line>
            <line>
              <![CDATA[java.home => C:\Java\jdk1.7.0_40\jre]]>
            </line>
            <line>
              <![CDATA[sun.java.command => C:\Eclipse64\workspace\testngSystemVars\target\surefire\surefirebooter2346225429239745682.jar C:\Eclipse64\workspace\testngSystemVars\target\surefire\surefire1615682592868973941tmp C:\Eclipse64\workspace\testngSystemVars\target\surefire\surefire_04603825156637925278tmp]]>
            </line>
            <line>
              <![CDATA[java.specification.vendor => Oracle Corporation]]>
            </line>
            <line>
              <![CDATA[user.language => en]]>
            </line>
            <line>
              <![CDATA[awt.toolkit => sun.awt.windows.WToolkit]]>
            </line>
            <line>
              <![CDATA[java.vm.info => mixed mode]]>
            </line>
            <line>
              <![CDATA[java.version => 1.7.0_40]]>
            </line>
            <line>
              <![CDATA[java.ext.dirs => C:\Java\jdk1.7.0_40\jre\lib\ext;C:\Windows\Sun\Java\lib\ext]]>
            </line>
            <line>
              <![CDATA[sun.boot.class.path => C:\Java\jdk1.7.0_40\jre\lib\resources.jar;C:\Java\jdk1.7.0_40\jre\lib\rt.jar;C:\Java\jdk1.7.0_40\jre\lib\sunrsasign.jar;C:\Java\jdk1.7.0_40\jre\lib\jsse.jar;C:\Java\jdk1.7.0_40\jre\lib\jce.jar;C:\Java\jdk1.7.0_40\jre\lib\charsets.jar;C:\Java\jdk1.7.0_40\jre\lib\jfr.jar;C:\Java\jdk1.7.0_40\jre\classes]]>
            </line>
            <line>
              <![CDATA[java.vendor => Oracle Corporation]]>
            </line>
            <line>
              <![CDATA[localRepository => C:\Users\r626095\.m2\customrepolocation]]>
            </line>
            <line>
              <![CDATA[file.separator => \]]>
            </line>
            <line>
              <![CDATA[java.vendor.url.bug => http://bugreport.sun.com/bugreport/]]>
            </line>
            <line>
              <![CDATA[sun.cpu.endian => little]]>
            </line>
            <line>
              <![CDATA[sun.io.unicode.encoding => UnicodeLittle]]>
            </line>
            <line>
              <![CDATA[sun.desktop => windows]]>
            </line>
            <line>
              <![CDATA[sun.cpu.isalist => amd64]]>
            </line>
            <line>
              <![CDATA[---------------------------]]>
            </line>
            <line>
              <![CDATA[]]>
            </line>
          </reporter-output>
        </test-method> <!-- testDummy -->
        <test-method status="FAIL" signature="testFortestngDOTtestenvVar()[pri:0, instance:qa.test.tests.SmokeTest@52bd6f9e]" name="testFortestngDOTtestenvVar" duration-ms="0" started-at="2014-03-06T09:47:35Z" description="Print system properties." finished-at="2014-03-06T09:47:35Z">
          <exception class="java.lang.AssertionError">
            <message>
              <![CDATA[The 'testng.testenv' system variable was not found. expected [true] but found [false]]]>
            </message>
            <full-stacktrace>
              <![CDATA[java.lang.AssertionError: The 'testng.testenv' system variable was not found. expected [true] but found [false]
	at org.testng.Assert.fail(Assert.java:94)
	at org.testng.Assert.failNotEquals(Assert.java:494)
	at org.testng.Assert.assertTrue(Assert.java:42)
	at qa.test.tests.SmokeTest.testFortestngDOTtestenvVar(SmokeTest.java:42)
	at sun.reflect.NativeMethodAccessorImpl.invoke0(Native Method)
	at sun.reflect.NativeMethodAccessorImpl.invoke(NativeMethodAccessorImpl.java:57)
	at sun.reflect.DelegatingMethodAccessorImpl.invoke(DelegatingMethodAccessorImpl.java:43)
	at java.lang.reflect.Method.invoke(Method.java:606)
	at org.testng.internal.MethodInvocationHelper.invokeMethod(MethodInvocationHelper.java:84)
	at org.testng.internal.InvokeMethodRunnable.runOne(InvokeMethodRunnable.java:46)
	at org.testng.internal.InvokeMethodRunnable.run(InvokeMethodRunnable.java:37)
	at java.util.concurrent.Executors$RunnableAdapter.call(Executors.java:471)
	at java.util.concurrent.FutureTask.run(FutureTask.java:262)
	at java.util.concurrent.ThreadPoolExecutor.runWorker(ThreadPoolExecutor.java:1145)
	at java.util.concurrent.ThreadPoolExecutor$Worker.run(ThreadPoolExecutor.java:615)
	at java.lang.Thread.run(Thread.java:724)
]]>
            </full-stacktrace>
          </exception> <!-- java.lang.AssertionError -->
          <reporter-output>
          </reporter-output>
        </test-method> <!-- testFortestngDOTtestenvVar -->
        <test-method status="FAIL" signature="testForTestNGtestenvVar()[pri:0, instance:qa.test.tests.SmokeTest@52bd6f9e]" name="testForTestNGtestenvVar" duration-ms="0" started-at="2014-03-06T09:47:35Z" description="Print system properties." finished-at="2014-03-06T09:47:35Z">
          <exception class="java.lang.AssertionError">
            <message>
              <![CDATA[The 'testenv' system variable was not found. expected [true] but found [false]]]>
            </message>
            <full-stacktrace>
              <![CDATA[java.lang.AssertionError: The 'testenv' system variable was not found. expected [true] but found [false]
	at org.testng.Assert.fail(Assert.java:94)
	at org.testng.Assert.failNotEquals(Assert.java:494)
	at org.testng.Assert.assertTrue(Assert.java:42)
	at qa.test.tests.SmokeTest.testForTestNGtestenvVar(SmokeTest.java:31)
	at sun.reflect.NativeMethodAccessorImpl.invoke0(Native Method)
	at sun.reflect.NativeMethodAccessorImpl.invoke(NativeMethodAccessorImpl.java:57)
	at sun.reflect.DelegatingMethodAccessorImpl.invoke(DelegatingMethodAccessorImpl.java:43)
	at java.lang.reflect.Method.invoke(Method.java:606)
	at org.testng.internal.MethodInvocationHelper.invokeMethod(MethodInvocationHelper.java:84)
	at org.testng.internal.InvokeMethodRunnable.runOne(InvokeMethodRunnable.java:46)
	at org.testng.internal.InvokeMethodRunnable.run(InvokeMethodRunnable.java:37)
	at java.util.concurrent.Executors$RunnableAdapter.call(Executors.java:471)
	at java.util.concurrent.FutureTask.run(FutureTask.java:262)
	at java.util.concurrent.ThreadPoolExecutor.runWorker(ThreadPoolExecutor.java:1145)
	at java.util.concurrent.ThreadPoolExecutor$Worker.run(ThreadPoolExecutor.java:615)
	at java.lang.Thread.run(Thread.java:724)
]]>
            </full-stacktrace>
          </exception> <!-- java.lang.AssertionError -->
          <reporter-output>
          </reporter-output>
        </test-method> <!-- testForTestNGtestenvVar -->
      </class> <!-- qa.test.tests.SmokeTest -->
    </test> <!-- SmokeTests -->
  </suite> <!-- SmokeTests -->
</testng-results>
