<?xml version="1.0" encoding="UTF-8"?>
<!-- Generated by org.testng.reporters.JUnitXMLReporter -->
<testsuite hostname="TRG513566" name="SmokeTests" tests="3" failures="2" timestamp="6 Mar 2014 17:47:35 GMT" time="0.032" errors="0">
  <testcase name="testDummy" time="0.016" classname="qa.test.tests.SmokeTest"/>
  <testcase name="testForTestNGtestenvVar" time="0.0" classname="qa.test.tests.SmokeTest">
    <failure type="java.lang.AssertionError" message="The &amp;apos;testenv&amp;apos; system variable was not found. expected [true] but found [false]">
      <![CDATA[java.lang.AssertionError: The 'testenv' system variable was not found. expected [true] but found [false]
	at qa.test.tests.SmokeTest.testForTestNGtestenvVar(SmokeTest.java:31)
	at java.util.concurrent.Executors$RunnableAdapter.call(Executors.java:471)
	at java.util.concurrent.FutureTask.run(FutureTask.java:262)
	at java.util.concurrent.ThreadPoolExecutor.runWorker(ThreadPoolExecutor.java:1145)
	at java.util.concurrent.ThreadPoolExecutor$Worker.run(ThreadPoolExecutor.java:615)
	at java.lang.Thread.run(Thread.java:724)
... Removed 10 stack frames]]>
    </failure>
  </testcase> <!-- testForTestNGtestenvVar -->
  <testcase name="testFortestngDOTtestenvVar" time="0.0" classname="qa.test.tests.SmokeTest">
    <failure type="java.lang.AssertionError" message="The &amp;apos;testng.testenv&amp;apos; system variable was not found. expected [true] but found [false]">
      <![CDATA[java.lang.AssertionError: The 'testng.testenv' system variable was not found. expected [true] but found [false]
	at qa.test.tests.SmokeTest.testFortestngDOTtestenvVar(SmokeTest.java:42)
	at java.util.concurrent.Executors$RunnableAdapter.call(Executors.java:471)
	at java.util.concurrent.FutureTask.run(FutureTask.java:262)
	at java.util.concurrent.ThreadPoolExecutor.runWorker(ThreadPoolExecutor.java:1145)
	at java.util.concurrent.ThreadPoolExecutor$Worker.run(ThreadPoolExecutor.java:615)
	at java.lang.Thread.run(Thread.java:724)
... Removed 10 stack frames]]>
    </failure>
  </testcase> <!-- testFortestngDOTtestenvVar -->
</testsuite> <!-- SmokeTests -->
